<?xml version="1.0" encoding="UTF-8"?>
<!-- Generated by org.testng.reporters.JUnitReportReporter -->
<testsuite hostname="Khushbu" failures="0" tests="1" name="testBase.tc001_LoginToOrangeHRM" time="0.862" errors="0" timestamp="2024-12-15T01:12:06 CET" skipped="0">
  <testcase classname="testBase.tc001_LoginToOrangeHRM" name="Verify_login_to_OrangeHRM" time="0.862"/>
</testsuite> <!-- testBase.tc001_LoginToOrangeHRM -->
