<?xml version="1.0" encoding="UTF-8"?>
<!-- Generated by org.testng.reporters.JUnitReportReporter -->
<testsuite hostname="Khushbu" failures="0" tests="1" name="testCases.tc001_LoginToOrangeHRM" time="1.826" errors="0" timestamp="2024-12-15T01:24:49 CET" skipped="0">
  <testcase classname="testCases.tc001_LoginToOrangeHRM" name="Verify_login_to_OrangeHRM" time="1.826"/>
</testsuite> <!-- testCases.tc001_LoginToOrangeHRM -->
